0 info it worked if it ends with ok
1 verbose cli [ '/usr/local/bin/node', '/usr/local/bin/npm', 'run', 'dev' ]
2 info using npm@4.0.5
3 info using node@v7.4.0
4 verbose run-script [ 'predev', 'dev', 'postdev' ]
5 info lifecycle cognitiveApp@0.0.1~predev: cognitiveApp@0.0.1
6 silly lifecycle cognitiveApp@0.0.1~predev: no script for predev, continuing
7 info lifecycle cognitiveApp@0.0.1~dev: cognitiveApp@0.0.1
8 verbose lifecycle cognitiveApp@0.0.1~dev: unsafe-perm in lifecycle true
9 verbose lifecycle cognitiveApp@0.0.1~dev: PATH: /usr/local/lib/node_modules/npm/bin/node-gyp-bin:/mnt/c/Users/Jesse/Documents/~Programming/cognitive-911-bot/cognitiveApp/node_modules/.bin:/usr/local/bin:/usr/bin:/bin:/usr/local/games:/usr/games
10 verbose lifecycle cognitiveApp@0.0.1~dev: CWD: /mnt/c/Users/Jesse/Documents/~Programming/cognitive-911-bot/cognitiveApp
11 silly lifecycle cognitiveApp@0.0.1~dev: Args: [ '-c', 'concurrently "npm start" "gulp"' ]
12 silly lifecycle cognitiveApp@0.0.1~dev: Returned: code: 1  signal: null
13 info lifecycle cognitiveApp@0.0.1~dev: Failed to exec dev script
14 verbose stack Error: cognitiveApp@0.0.1 dev: `concurrently "npm start" "gulp"`
14 verbose stack Exit status 1
14 verbose stack     at EventEmitter.<anonymous> (/usr/local/lib/node_modules/npm/lib/utils/lifecycle.js:279:16)
14 verbose stack     at emitTwo (events.js:106:13)
14 verbose stack     at EventEmitter.emit (events.js:191:7)
14 verbose stack     at ChildProcess.<anonymous> (/usr/local/lib/node_modules/npm/lib/utils/spawn.js:40:14)
14 verbose stack     at emitTwo (events.js:106:13)
14 verbose stack     at ChildProcess.emit (events.js:191:7)
14 verbose stack     at maybeClose (internal/child_process.js:885:16)
14 verbose stack     at Process.ChildProcess._handle.onexit (internal/child_process.js:226:5)
15 verbose pkgid cognitiveApp@0.0.1
16 verbose cwd /mnt/c/Users/Jesse/Documents/~Programming/cognitive-911-bot/cognitiveApp
17 error Linux 3.4.0+
18 error argv "/usr/local/bin/node" "/usr/local/bin/npm" "run" "dev"
19 error node v7.4.0
20 error npm  v4.0.5
21 error code ELIFECYCLE
22 error cognitiveApp@0.0.1 dev: `concurrently "npm start" "gulp"`
22 error Exit status 1
23 error Failed at the cognitiveApp@0.0.1 dev script 'concurrently "npm start" "gulp"'.
23 error Make sure you have the latest version of node.js and npm installed.
23 error If you do, this is most likely a problem with the cognitiveApp package,
23 error not with npm itself.
23 error Tell the author that this fails on your system:
23 error     concurrently "npm start" "gulp"
23 error You can get information on how to open an issue for this project with:
23 error     npm bugs cognitiveApp
23 error Or if that isn't available, you can get their info via:
23 error     npm owner ls cognitiveApp
23 error There is likely additional logging output above.
24 verbose exit [ 1, true ]
